{"/home/dariel/Projects/estoque_back/src/app.js": {"path":"/home/dariel/Projects/estoque_back/src/app.js","statementMap":{"0":{"start":{"line":1,"column":16},"end":{"line":1,"column":34}},"1":{"start":{"line":2,"column":13},"end":{"line":2,"column":28}},"2":{"start":{"line":3,"column":19},"end":{"line":3,"column":41}},"3":{"start":{"line":5,"column":12},"end":{"line":5,"column":35}},"4":{"start":{"line":7,"column":12},"end":{"line":7,"column":21}},"5":{"start":{"line":9,"column":0},"end":{"line":9,"column":67}},"6":{"start":{"line":10,"column":0},"end":{"line":10,"column":44}},"7":{"start":{"line":11,"column":0},"end":{"line":11,"column":16}},"8":{"start":{"line":14,"column":0},"end":{"line":14,"column":21}},"9":{"start":{"line":16,"column":0},"end":{"line":16,"column":21}}},"fnMap":{},"branchMap":{},"s":{"0":1,"1":1,"2":1,"3":1,"4":1,"5":1,"6":1,"7":1,"8":1,"9":1},"f":{},"b":{},"_coverageSchema":"1a1c01bbd47fc00a2c39e90264f33305004495a9","hash":"f2fca40db360e211aaae1f1fb822f3a8e58681b6"}
,"/home/dariel/Projects/estoque_back/src/statusHttp.js": {"path":"/home/dariel/Projects/estoque_back/src/statusHttp.js","statementMap":{"0":{"start":{"line":1,"column":0},"end":{"line":13,"column":1}}},"fnMap":{},"branchMap":{},"s":{"0":1},"f":{},"b":{},"_coverageSchema":"1a1c01bbd47fc00a2c39e90264f33305004495a9","hash":"99f197bcbbcd862f566b2a1e32862ae036e244fb"}
,"/home/dariel/Projects/estoque_back/src/cipher/cipher.js": {"path":"/home/dariel/Projects/estoque_back/src/cipher/cipher.js","statementMap":{"0":{"start":{"line":1,"column":15},"end":{"line":1,"column":32}},"1":{"start":{"line":3,"column":19},"end":{"line":3,"column":21}},"2":{"start":{"line":5,"column":0},"end":{"line":33,"column":1}},"3":{"start":{"line":7,"column":8},"end":{"line":15,"column":10}},"4":{"start":{"line":8,"column":12},"end":{"line":14,"column":14}},"5":{"start":{"line":10,"column":16},"end":{"line":10,"column":30}},"6":{"start":{"line":13,"column":16},"end":{"line":13,"column":33}},"7":{"start":{"line":19,"column":8},"end":{"line":31,"column":11}},"8":{"start":{"line":20,"column":12},"end":{"line":30,"column":14}},"9":{"start":{"line":21,"column":16},"end":{"line":29,"column":17}},"10":{"start":{"line":22,"column":20},"end":{"line":22,"column":35}},"11":{"start":{"line":24,"column":20},"end":{"line":28,"column":21}},"12":{"start":{"line":25,"column":24},"end":{"line":25,"column":38}},"13":{"start":{"line":27,"column":24},"end":{"line":27,"column":39}}},"fnMap":{"0":{"name":"(anonymous_0)","decl":{"start":{"line":6,"column":13},"end":{"line":6,"column":14}},"loc":{"start":{"line":6,"column":31},"end":{"line":16,"column":5}},"line":6},"1":{"name":"(anonymous_1)","decl":{"start":{"line":7,"column":27},"end":{"line":7,"column":28}},"loc":{"start":{"line":7,"column":46},"end":{"line":15,"column":9}},"line":7},"2":{"name":"(anonymous_2)","decl":{"start":{"line":9,"column":18},"end":{"line":9,"column":19}},"loc":{"start":{"line":9,"column":28},"end":{"line":11,"column":13}},"line":9},"3":{"name":"(anonymous_3)","decl":{"start":{"line":12,"column":19},"end":{"line":12,"column":20}},"loc":{"start":{"line":12,"column":26},"end":{"line":14,"column":13}},"line":12},"4":{"name":"(anonymous_4)","decl":{"start":{"line":18,"column":14},"end":{"line":18,"column":15}},"loc":{"start":{"line":18,"column":40},"end":{"line":32,"column":5}},"line":18},"5":{"name":"(anonymous_5)","decl":{"start":{"line":19,"column":27},"end":{"line":19,"column":28}},"loc":{"start":{"line":19,"column":46},"end":{"line":31,"column":9}},"line":19},"6":{"name":"(anonymous_6)","decl":{"start":{"line":20,"column":43},"end":{"line":20,"column":44}},"loc":{"start":{"line":20,"column":60},"end":{"line":30,"column":13}},"line":20}},"branchMap":{"0":{"loc":{"start":{"line":21,"column":16},"end":{"line":29,"column":17}},"type":"if","locations":[{"start":{"line":21,"column":16},"end":{"line":29,"column":17}},{"start":{"line":23,"column":21},"end":{"line":29,"column":17}}],"line":21},"1":{"loc":{"start":{"line":24,"column":20},"end":{"line":28,"column":21}},"type":"if","locations":[{"start":{"line":24,"column":20},"end":{"line":28,"column":21}},{"start":{"line":26,"column":25},"end":{"line":28,"column":21}}],"line":24}},"s":{"0":1,"1":1,"2":1,"3":2,"4":2,"5":2,"6":0,"7":0,"8":0,"9":0,"10":0,"11":0,"12":0,"13":0},"f":{"0":2,"1":2,"2":2,"3":0,"4":0,"5":0,"6":0},"b":{"0":[0,0],"1":[0,0]},"_coverageSchema":"1a1c01bbd47fc00a2c39e90264f33305004495a9","hash":"02d9ddd1a55da491625df5bb82bc9ad0071f94af"}
,"/home/dariel/Projects/estoque_back/src/controllers/itemController.js": {"path":"/home/dariel/Projects/estoque_back/src/controllers/itemController.js","statementMap":{"0":{"start":{"line":1,"column":13},"end":{"line":1,"column":42}},"1":{"start":{"line":2,"column":19},"end":{"line":2,"column":43}},"2":{"start":{"line":4,"column":0},"end":{"line":74,"column":1}},"3":{"start":{"line":6,"column":27},"end":{"line":6,"column":35}},"4":{"start":{"line":7,"column":22},"end":{"line":7,"column":42}},"5":{"start":{"line":8,"column":8},"end":{"line":20,"column":9}},"6":{"start":{"line":9,"column":12},"end":{"line":9,"column":33}},"7":{"start":{"line":10,"column":12},"end":{"line":10,"column":52}},"8":{"start":{"line":12,"column":12},"end":{"line":19,"column":13}},"9":{"start":{"line":13,"column":16},"end":{"line":13,"column":112}},"10":{"start":{"line":14,"column":19},"end":{"line":19,"column":13}},"11":{"start":{"line":15,"column":16},"end":{"line":15,"column":127}},"12":{"start":{"line":17,"column":16},"end":{"line":17,"column":35}},"13":{"start":{"line":18,"column":16},"end":{"line":18,"column":73}},"14":{"start":{"line":24,"column":23},"end":{"line":24,"column":32}},"15":{"start":{"line":25,"column":28},"end":{"line":25,"column":36}},"16":{"start":{"line":26,"column":8},"end":{"line":36,"column":9}},"17":{"start":{"line":27,"column":12},"end":{"line":32,"column":13}},"18":{"start":{"line":28,"column":16},"end":{"line":28,"column":75}},"19":{"start":{"line":29,"column":16},"end":{"line":29,"column":56}},"20":{"start":{"line":31,"column":16},"end":{"line":31,"column":62}},"21":{"start":{"line":34,"column":12},"end":{"line":34,"column":31}},"22":{"start":{"line":35,"column":12},"end":{"line":35,"column":69}},"23":{"start":{"line":40,"column":23},"end":{"line":40,"column":32}},"24":{"start":{"line":41,"column":8},"end":{"line":52,"column":9}},"25":{"start":{"line":42,"column":12},"end":{"line":47,"column":13}},"26":{"start":{"line":43,"column":16},"end":{"line":43,"column":50}},"27":{"start":{"line":44,"column":16},"end":{"line":44,"column":56}},"28":{"start":{"line":46,"column":16},"end":{"line":46,"column":62}},"29":{"start":{"line":50,"column":12},"end":{"line":50,"column":31}},"30":{"start":{"line":51,"column":12},"end":{"line":51,"column":69}},"31":{"start":{"line":56,"column":23},"end":{"line":56,"column":32}},"32":{"start":{"line":57,"column":8},"end":{"line":72,"column":9}},"33":{"start":{"line":58,"column":12},"end":{"line":68,"column":13}},"34":{"start":{"line":59,"column":30},"end":{"line":59,"column":47}},"35":{"start":{"line":60,"column":16},"end":{"line":60,"column":32}},"36":{"start":{"line":62,"column":29},"end":{"line":62,"column":60}},"37":{"start":{"line":63,"column":16},"end":{"line":67,"column":17}},"38":{"start":{"line":64,"column":20},"end":{"line":64,"column":35}},"39":{"start":{"line":66,"column":20},"end":{"line":66,"column":66}},"40":{"start":{"line":70,"column":12},"end":{"line":70,"column":31}},"41":{"start":{"line":71,"column":12},"end":{"line":71,"column":69}}},"fnMap":{"0":{"name":"(anonymous_0)","decl":{"start":{"line":5,"column":13},"end":{"line":5,"column":14}},"loc":{"start":{"line":5,"column":33},"end":{"line":21,"column":5}},"line":5},"1":{"name":"(anonymous_1)","decl":{"start":{"line":23,"column":13},"end":{"line":23,"column":14}},"loc":{"start":{"line":23,"column":33},"end":{"line":37,"column":5}},"line":23},"2":{"name":"(anonymous_2)","decl":{"start":{"line":39,"column":16},"end":{"line":39,"column":17}},"loc":{"start":{"line":39,"column":36},"end":{"line":53,"column":5}},"line":39},"3":{"name":"(anonymous_3)","decl":{"start":{"line":55,"column":13},"end":{"line":55,"column":14}},"loc":{"start":{"line":55,"column":33},"end":{"line":73,"column":5}},"line":55}},"branchMap":{"0":{"loc":{"start":{"line":12,"column":12},"end":{"line":19,"column":13}},"type":"if","locations":[{"start":{"line":12,"column":12},"end":{"line":19,"column":13}},{"start":{"line":14,"column":19},"end":{"line":19,"column":13}}],"line":12},"1":{"loc":{"start":{"line":14,"column":19},"end":{"line":19,"column":13}},"type":"if","locations":[{"start":{"line":14,"column":19},"end":{"line":19,"column":13}},{"start":{"line":16,"column":19},"end":{"line":19,"column":13}}],"line":14},"2":{"loc":{"start":{"line":27,"column":12},"end":{"line":32,"column":13}},"type":"if","locations":[{"start":{"line":27,"column":12},"end":{"line":32,"column":13}},{"start":{"line":30,"column":19},"end":{"line":32,"column":13}}],"line":27},"3":{"loc":{"start":{"line":42,"column":12},"end":{"line":47,"column":13}},"type":"if","locations":[{"start":{"line":42,"column":12},"end":{"line":47,"column":13}},{"start":{"line":45,"column":19},"end":{"line":47,"column":13}}],"line":42},"4":{"loc":{"start":{"line":58,"column":12},"end":{"line":68,"column":13}},"type":"if","locations":[{"start":{"line":58,"column":12},"end":{"line":68,"column":13}},{"start":{"line":61,"column":19},"end":{"line":68,"column":13}}],"line":58},"5":{"loc":{"start":{"line":63,"column":16},"end":{"line":67,"column":17}},"type":"if","locations":[{"start":{"line":63,"column":16},"end":{"line":67,"column":17}},{"start":{"line":65,"column":23},"end":{"line":67,"column":17}}],"line":63}},"s":{"0":1,"1":1,"2":1,"3":2,"4":2,"5":2,"6":2,"7":1,"8":1,"9":1,"10":0,"11":0,"12":0,"13":0,"14":2,"15":2,"16":2,"17":2,"18":1,"19":1,"20":1,"21":0,"22":0,"23":2,"24":2,"25":2,"26":1,"27":1,"28":1,"29":0,"30":0,"31":3,"32":3,"33":3,"34":1,"35":1,"36":2,"37":2,"38":1,"39":1,"40":0,"41":0},"f":{"0":2,"1":2,"2":2,"3":3},"b":{"0":[1,0],"1":[0,0],"2":[1,1],"3":[1,1],"4":[1,2],"5":[1,1]},"_coverageSchema":"1a1c01bbd47fc00a2c39e90264f33305004495a9","hash":"c859ba0d0664d73dd0ba05327eea87088295f6d7"}
,"/home/dariel/Projects/estoque_back/src/controllers/sellController.js": {"path":"/home/dariel/Projects/estoque_back/src/controllers/sellController.js","statementMap":{"0":{"start":{"line":1,"column":13},"end":{"line":1,"column":42}},"1":{"start":{"line":2,"column":19},"end":{"line":2,"column":43}},"2":{"start":{"line":4,"column":0},"end":{"line":74,"column":1}},"3":{"start":{"line":6,"column":27},"end":{"line":6,"column":35}},"4":{"start":{"line":7,"column":22},"end":{"line":7,"column":42}},"5":{"start":{"line":8,"column":8},"end":{"line":20,"column":9}},"6":{"start":{"line":9,"column":12},"end":{"line":9,"column":33}},"7":{"start":{"line":10,"column":12},"end":{"line":10,"column":52}},"8":{"start":{"line":12,"column":12},"end":{"line":19,"column":13}},"9":{"start":{"line":13,"column":16},"end":{"line":13,"column":108}},"10":{"start":{"line":14,"column":19},"end":{"line":19,"column":13}},"11":{"start":{"line":15,"column":16},"end":{"line":15,"column":121}},"12":{"start":{"line":17,"column":16},"end":{"line":17,"column":35}},"13":{"start":{"line":18,"column":16},"end":{"line":18,"column":73}},"14":{"start":{"line":24,"column":23},"end":{"line":24,"column":32}},"15":{"start":{"line":25,"column":27},"end":{"line":25,"column":35}},"16":{"start":{"line":26,"column":8},"end":{"line":36,"column":9}},"17":{"start":{"line":27,"column":12},"end":{"line":32,"column":13}},"18":{"start":{"line":28,"column":16},"end":{"line":28,"column":74}},"19":{"start":{"line":29,"column":16},"end":{"line":29,"column":56}},"20":{"start":{"line":31,"column":16},"end":{"line":31,"column":62}},"21":{"start":{"line":34,"column":12},"end":{"line":34,"column":31}},"22":{"start":{"line":35,"column":12},"end":{"line":35,"column":69}},"23":{"start":{"line":40,"column":23},"end":{"line":40,"column":32}},"24":{"start":{"line":41,"column":8},"end":{"line":52,"column":9}},"25":{"start":{"line":42,"column":12},"end":{"line":47,"column":13}},"26":{"start":{"line":43,"column":16},"end":{"line":43,"column":50}},"27":{"start":{"line":44,"column":16},"end":{"line":44,"column":56}},"28":{"start":{"line":46,"column":16},"end":{"line":46,"column":62}},"29":{"start":{"line":50,"column":12},"end":{"line":50,"column":31}},"30":{"start":{"line":51,"column":12},"end":{"line":51,"column":69}},"31":{"start":{"line":56,"column":23},"end":{"line":56,"column":32}},"32":{"start":{"line":57,"column":8},"end":{"line":72,"column":9}},"33":{"start":{"line":58,"column":12},"end":{"line":68,"column":13}},"34":{"start":{"line":59,"column":30},"end":{"line":59,"column":47}},"35":{"start":{"line":60,"column":16},"end":{"line":60,"column":32}},"36":{"start":{"line":62,"column":29},"end":{"line":62,"column":60}},"37":{"start":{"line":63,"column":16},"end":{"line":67,"column":17}},"38":{"start":{"line":64,"column":20},"end":{"line":64,"column":35}},"39":{"start":{"line":66,"column":20},"end":{"line":66,"column":66}},"40":{"start":{"line":70,"column":12},"end":{"line":70,"column":31}},"41":{"start":{"line":71,"column":12},"end":{"line":71,"column":69}}},"fnMap":{"0":{"name":"(anonymous_0)","decl":{"start":{"line":5,"column":13},"end":{"line":5,"column":14}},"loc":{"start":{"line":5,"column":33},"end":{"line":21,"column":5}},"line":5},"1":{"name":"(anonymous_1)","decl":{"start":{"line":23,"column":13},"end":{"line":23,"column":14}},"loc":{"start":{"line":23,"column":33},"end":{"line":37,"column":5}},"line":23},"2":{"name":"(anonymous_2)","decl":{"start":{"line":39,"column":16},"end":{"line":39,"column":17}},"loc":{"start":{"line":39,"column":36},"end":{"line":53,"column":5}},"line":39},"3":{"name":"(anonymous_3)","decl":{"start":{"line":55,"column":13},"end":{"line":55,"column":14}},"loc":{"start":{"line":55,"column":33},"end":{"line":73,"column":5}},"line":55}},"branchMap":{"0":{"loc":{"start":{"line":12,"column":12},"end":{"line":19,"column":13}},"type":"if","locations":[{"start":{"line":12,"column":12},"end":{"line":19,"column":13}},{"start":{"line":14,"column":19},"end":{"line":19,"column":13}}],"line":12},"1":{"loc":{"start":{"line":14,"column":19},"end":{"line":19,"column":13}},"type":"if","locations":[{"start":{"line":14,"column":19},"end":{"line":19,"column":13}},{"start":{"line":16,"column":19},"end":{"line":19,"column":13}}],"line":14},"2":{"loc":{"start":{"line":27,"column":12},"end":{"line":32,"column":13}},"type":"if","locations":[{"start":{"line":27,"column":12},"end":{"line":32,"column":13}},{"start":{"line":30,"column":19},"end":{"line":32,"column":13}}],"line":27},"3":{"loc":{"start":{"line":42,"column":12},"end":{"line":47,"column":13}},"type":"if","locations":[{"start":{"line":42,"column":12},"end":{"line":47,"column":13}},{"start":{"line":45,"column":19},"end":{"line":47,"column":13}}],"line":42},"4":{"loc":{"start":{"line":58,"column":12},"end":{"line":68,"column":13}},"type":"if","locations":[{"start":{"line":58,"column":12},"end":{"line":68,"column":13}},{"start":{"line":61,"column":19},"end":{"line":68,"column":13}}],"line":58},"5":{"loc":{"start":{"line":63,"column":16},"end":{"line":67,"column":17}},"type":"if","locations":[{"start":{"line":63,"column":16},"end":{"line":67,"column":17}},{"start":{"line":65,"column":23},"end":{"line":67,"column":17}}],"line":63}},"s":{"0":1,"1":1,"2":1,"3":2,"4":2,"5":2,"6":2,"7":1,"8":1,"9":1,"10":0,"11":0,"12":0,"13":0,"14":2,"15":2,"16":2,"17":2,"18":1,"19":1,"20":1,"21":0,"22":0,"23":2,"24":2,"25":2,"26":1,"27":1,"28":1,"29":0,"30":0,"31":3,"32":3,"33":3,"34":1,"35":1,"36":2,"37":2,"38":1,"39":1,"40":0,"41":0},"f":{"0":2,"1":2,"2":2,"3":3},"b":{"0":[1,0],"1":[0,0],"2":[1,1],"3":[1,1],"4":[1,2],"5":[1,1]},"_coverageSchema":"1a1c01bbd47fc00a2c39e90264f33305004495a9","hash":"5c9a92552370f823a67e6fe9174ac0e9de0702db"}
,"/home/dariel/Projects/estoque_back/src/controllers/userController.js": {"path":"/home/dariel/Projects/estoque_back/src/controllers/userController.js","statementMap":{"0":{"start":{"line":1,"column":15},"end":{"line":1,"column":42}},"1":{"start":{"line":2,"column":13},"end":{"line":2,"column":42}},"2":{"start":{"line":3,"column":19},"end":{"line":3,"column":43}},"3":{"start":{"line":5,"column":0},"end":{"line":78,"column":1}},"4":{"start":{"line":7,"column":27},"end":{"line":7,"column":35}},"5":{"start":{"line":8,"column":8},"end":{"line":10,"column":9}},"6":{"start":{"line":9,"column":12},"end":{"line":9,"column":123}},"7":{"start":{"line":11,"column":8},"end":{"line":11,"column":71}},"8":{"start":{"line":12,"column":22},"end":{"line":12,"column":42}},"9":{"start":{"line":13,"column":8},"end":{"line":25,"column":9}},"10":{"start":{"line":14,"column":12},"end":{"line":14,"column":33}},"11":{"start":{"line":15,"column":12},"end":{"line":15,"column":52}},"12":{"start":{"line":17,"column":12},"end":{"line":24,"column":13}},"13":{"start":{"line":18,"column":16},"end":{"line":18,"column":112}},"14":{"start":{"line":19,"column":19},"end":{"line":24,"column":13}},"15":{"start":{"line":20,"column":16},"end":{"line":20,"column":127}},"16":{"start":{"line":22,"column":16},"end":{"line":22,"column":35}},"17":{"start":{"line":23,"column":16},"end":{"line":23,"column":73}},"18":{"start":{"line":29,"column":23},"end":{"line":29,"column":32}},"19":{"start":{"line":30,"column":27},"end":{"line":30,"column":35}},"20":{"start":{"line":31,"column":8},"end":{"line":41,"column":9}},"21":{"start":{"line":32,"column":12},"end":{"line":37,"column":13}},"22":{"start":{"line":33,"column":16},"end":{"line":33,"column":74}},"23":{"start":{"line":34,"column":16},"end":{"line":34,"column":56}},"24":{"start":{"line":36,"column":16},"end":{"line":36,"column":62}},"25":{"start":{"line":39,"column":12},"end":{"line":39,"column":31}},"26":{"start":{"line":40,"column":12},"end":{"line":40,"column":69}},"27":{"start":{"line":45,"column":23},"end":{"line":45,"column":32}},"28":{"start":{"line":46,"column":8},"end":{"line":56,"column":9}},"29":{"start":{"line":47,"column":12},"end":{"line":52,"column":13}},"30":{"start":{"line":48,"column":16},"end":{"line":48,"column":50}},"31":{"start":{"line":49,"column":16},"end":{"line":49,"column":56}},"32":{"start":{"line":51,"column":16},"end":{"line":51,"column":62}},"33":{"start":{"line":54,"column":12},"end":{"line":54,"column":31}},"34":{"start":{"line":55,"column":12},"end":{"line":55,"column":69}},"35":{"start":{"line":60,"column":23},"end":{"line":60,"column":32}},"36":{"start":{"line":61,"column":8},"end":{"line":76,"column":9}},"37":{"start":{"line":62,"column":12},"end":{"line":72,"column":13}},"38":{"start":{"line":63,"column":30},"end":{"line":63,"column":47}},"39":{"start":{"line":64,"column":16},"end":{"line":64,"column":32}},"40":{"start":{"line":66,"column":29},"end":{"line":66,"column":60}},"41":{"start":{"line":67,"column":16},"end":{"line":71,"column":17}},"42":{"start":{"line":68,"column":20},"end":{"line":68,"column":35}},"43":{"start":{"line":70,"column":20},"end":{"line":70,"column":66}},"44":{"start":{"line":74,"column":12},"end":{"line":74,"column":31}},"45":{"start":{"line":75,"column":12},"end":{"line":75,"column":69}}},"fnMap":{"0":{"name":"(anonymous_0)","decl":{"start":{"line":6,"column":13},"end":{"line":6,"column":14}},"loc":{"start":{"line":6,"column":33},"end":{"line":26,"column":5}},"line":6},"1":{"name":"(anonymous_1)","decl":{"start":{"line":28,"column":13},"end":{"line":28,"column":14}},"loc":{"start":{"line":28,"column":33},"end":{"line":42,"column":5}},"line":28},"2":{"name":"(anonymous_2)","decl":{"start":{"line":44,"column":16},"end":{"line":44,"column":17}},"loc":{"start":{"line":44,"column":36},"end":{"line":57,"column":5}},"line":44},"3":{"name":"(anonymous_3)","decl":{"start":{"line":59,"column":13},"end":{"line":59,"column":14}},"loc":{"start":{"line":59,"column":33},"end":{"line":77,"column":5}},"line":59}},"branchMap":{"0":{"loc":{"start":{"line":8,"column":8},"end":{"line":10,"column":9}},"type":"if","locations":[{"start":{"line":8,"column":8},"end":{"line":10,"column":9}},{"start":{},"end":{}}],"line":8},"1":{"loc":{"start":{"line":17,"column":12},"end":{"line":24,"column":13}},"type":"if","locations":[{"start":{"line":17,"column":12},"end":{"line":24,"column":13}},{"start":{"line":19,"column":19},"end":{"line":24,"column":13}}],"line":17},"2":{"loc":{"start":{"line":19,"column":19},"end":{"line":24,"column":13}},"type":"if","locations":[{"start":{"line":19,"column":19},"end":{"line":24,"column":13}},{"start":{"line":21,"column":19},"end":{"line":24,"column":13}}],"line":19},"3":{"loc":{"start":{"line":32,"column":12},"end":{"line":37,"column":13}},"type":"if","locations":[{"start":{"line":32,"column":12},"end":{"line":37,"column":13}},{"start":{"line":35,"column":17},"end":{"line":37,"column":13}}],"line":32},"4":{"loc":{"start":{"line":47,"column":12},"end":{"line":52,"column":13}},"type":"if","locations":[{"start":{"line":47,"column":12},"end":{"line":52,"column":13}},{"start":{"line":50,"column":19},"end":{"line":52,"column":13}}],"line":47},"5":{"loc":{"start":{"line":62,"column":12},"end":{"line":72,"column":13}},"type":"if","locations":[{"start":{"line":62,"column":12},"end":{"line":72,"column":13}},{"start":{"line":65,"column":19},"end":{"line":72,"column":13}}],"line":62},"6":{"loc":{"start":{"line":67,"column":16},"end":{"line":71,"column":17}},"type":"if","locations":[{"start":{"line":67,"column":16},"end":{"line":71,"column":17}},{"start":{"line":69,"column":23},"end":{"line":71,"column":17}}],"line":67}},"s":{"0":1,"1":1,"2":1,"3":1,"4":2,"5":2,"6":0,"7":2,"8":2,"9":2,"10":2,"11":1,"12":1,"13":1,"14":0,"15":0,"16":0,"17":0,"18":2,"19":2,"20":2,"21":2,"22":1,"23":1,"24":1,"25":0,"26":0,"27":2,"28":2,"29":2,"30":1,"31":1,"32":1,"33":0,"34":0,"35":3,"36":3,"37":3,"38":1,"39":1,"40":2,"41":2,"42":1,"43":1,"44":0,"45":0},"f":{"0":2,"1":2,"2":2,"3":3},"b":{"0":[0,2],"1":[1,0],"2":[0,0],"3":[1,1],"4":[1,1],"5":[1,2],"6":[1,1]},"_coverageSchema":"1a1c01bbd47fc00a2c39e90264f33305004495a9","hash":"413d956f6a4b59254a0e9dff2a3e44be697b6391"}
,"/home/dariel/Projects/estoque_back/src/db/db.js": {"path":"/home/dariel/Projects/estoque_back/src/db/db.js","statementMap":{"0":{"start":{"line":1,"column":0},"end":{"line":1,"column":27}},"1":{"start":{"line":2,"column":17},"end":{"line":2,"column":36}},"2":{"start":{"line":4,"column":0},"end":{"line":4,"column":38}},"3":{"start":{"line":4,"column":20},"end":{"line":4,"column":36}},"4":{"start":{"line":7,"column":4},"end":{"line":7,"column":39}},"5":{"start":{"line":8,"column":4},"end":{"line":8,"column":47}},"6":{"start":{"line":11,"column":0},"end":{"line":11,"column":26}}},"fnMap":{"0":{"name":"(anonymous_0)","decl":{"start":{"line":4,"column":13},"end":{"line":4,"column":14}},"loc":{"start":{"line":4,"column":20},"end":{"line":4,"column":36}},"line":4},"1":{"name":"main","decl":{"start":{"line":6,"column":15},"end":{"line":6,"column":19}},"loc":{"start":{"line":6,"column":22},"end":{"line":9,"column":1}},"line":6}},"branchMap":{},"s":{"0":1,"1":1,"2":1,"3":0,"4":1,"5":1,"6":1},"f":{"0":0,"1":1},"b":{},"_coverageSchema":"1a1c01bbd47fc00a2c39e90264f33305004495a9","hash":"5fd51d42be5574eb82f87722e05d632d483b5df0"}
,"/home/dariel/Projects/estoque_back/src/db/schemas/item.js": {"path":"/home/dariel/Projects/estoque_back/src/db/schemas/item.js","statementMap":{"0":{"start":{"line":1,"column":17},"end":{"line":1,"column":33}},"1":{"start":{"line":3,"column":19},"end":{"line":10,"column":2}},"2":{"start":{"line":12,"column":13},"end":{"line":12,"column":47}},"3":{"start":{"line":14,"column":0},"end":{"line":14,"column":22}}},"fnMap":{},"branchMap":{},"s":{"0":1,"1":1,"2":1,"3":1},"f":{},"b":{},"_coverageSchema":"1a1c01bbd47fc00a2c39e90264f33305004495a9","hash":"c3117088a8f2456ec6160a1cab56a540bec39746"}
,"/home/dariel/Projects/estoque_back/src/db/schemas/sell.js": {"path":"/home/dariel/Projects/estoque_back/src/db/schemas/sell.js","statementMap":{"0":{"start":{"line":1,"column":17},"end":{"line":1,"column":33}},"1":{"start":{"line":3,"column":19},"end":{"line":7,"column":2}},"2":{"start":{"line":4,"column":45},"end":{"line":4,"column":61}},"3":{"start":{"line":9,"column":13},"end":{"line":9,"column":47}},"4":{"start":{"line":11,"column":0},"end":{"line":11,"column":22}}},"fnMap":{"0":{"name":"(anonymous_0)","decl":{"start":{"line":4,"column":36},"end":{"line":4,"column":37}},"loc":{"start":{"line":4,"column":45},"end":{"line":4,"column":61}},"line":4}},"branchMap":{},"s":{"0":1,"1":1,"2":2,"3":1,"4":1},"f":{"0":2},"b":{},"_coverageSchema":"1a1c01bbd47fc00a2c39e90264f33305004495a9","hash":"02ca90da9e594681c10db4a121b9c9719a934110"}
,"/home/dariel/Projects/estoque_back/src/db/schemas/user.js": {"path":"/home/dariel/Projects/estoque_back/src/db/schemas/user.js","statementMap":{"0":{"start":{"line":1,"column":17},"end":{"line":1,"column":33}},"1":{"start":{"line":3,"column":19},"end":{"line":8,"column":2}},"2":{"start":{"line":10,"column":13},"end":{"line":10,"column":47}},"3":{"start":{"line":12,"column":0},"end":{"line":12,"column":22}}},"fnMap":{},"branchMap":{},"s":{"0":1,"1":1,"2":1,"3":1},"f":{},"b":{},"_coverageSchema":"1a1c01bbd47fc00a2c39e90264f33305004495a9","hash":"9b7437e601cb9632c5a13150b60de0a15f77f0a5"}
,"/home/dariel/Projects/estoque_back/src/router/api.js": {"path":"/home/dariel/Projects/estoque_back/src/router/api.js","statementMap":{"0":{"start":{"line":1,"column":16},"end":{"line":1,"column":34}},"1":{"start":{"line":2,"column":50},"end":{"line":2,"column":90}},"2":{"start":{"line":3,"column":50},"end":{"line":3,"column":90}},"3":{"start":{"line":4,"column":50},"end":{"line":4,"column":90}},"4":{"start":{"line":5,"column":12},"end":{"line":5,"column":28}},"5":{"start":{"line":8,"column":0},"end":{"line":8,"column":29}},"6":{"start":{"line":9,"column":0},"end":{"line":9,"column":29}},"7":{"start":{"line":10,"column":0},"end":{"line":10,"column":35}},"8":{"start":{"line":11,"column":0},"end":{"line":11,"column":30}},"9":{"start":{"line":14,"column":0},"end":{"line":14,"column":29}},"10":{"start":{"line":15,"column":0},"end":{"line":15,"column":29}},"11":{"start":{"line":16,"column":0},"end":{"line":16,"column":35}},"12":{"start":{"line":17,"column":0},"end":{"line":17,"column":30}},"13":{"start":{"line":20,"column":0},"end":{"line":20,"column":29}},"14":{"start":{"line":21,"column":0},"end":{"line":21,"column":29}},"15":{"start":{"line":22,"column":0},"end":{"line":22,"column":35}},"16":{"start":{"line":23,"column":0},"end":{"line":23,"column":30}},"17":{"start":{"line":25,"column":0},"end":{"line":25,"column":21}}},"fnMap":{},"branchMap":{},"s":{"0":1,"1":1,"2":1,"3":1,"4":1,"5":1,"6":1,"7":1,"8":1,"9":1,"10":1,"11":1,"12":1,"13":1,"14":1,"15":1,"16":1,"17":1},"f":{},"b":{},"_coverageSchema":"1a1c01bbd47fc00a2c39e90264f33305004495a9","hash":"6b5b79779e649c62f195254a99e8132e39b585c0"}
}
