{"/home/dariel/Projects/estoque_back/src/app.js": {"path":"/home/dariel/Projects/estoque_back/src/app.js","statementMap":{"0":{"start":{"line":1,"column":16},"end":{"line":1,"column":34}},"1":{"start":{"line":2,"column":13},"end":{"line":2,"column":28}},"2":{"start":{"line":3,"column":19},"end":{"line":3,"column":41}},"3":{"start":{"line":5,"column":12},"end":{"line":5,"column":35}},"4":{"start":{"line":6,"column":15},"end":{"line":6,"column":41}},"5":{"start":{"line":8,"column":12},"end":{"line":8,"column":21}},"6":{"start":{"line":10,"column":0},"end":{"line":10,"column":67}},"7":{"start":{"line":11,"column":0},"end":{"line":11,"column":44}},"8":{"start":{"line":12,"column":0},"end":{"line":12,"column":16}},"9":{"start":{"line":15,"column":0},"end":{"line":15,"column":21}},"10":{"start":{"line":18,"column":0},"end":{"line":18,"column":27}},"11":{"start":{"line":20,"column":0},"end":{"line":20,"column":21}}},"fnMap":{},"branchMap":{},"s":{"0":2,"1":2,"2":2,"3":2,"4":2,"5":2,"6":2,"7":2,"8":2,"9":2,"10":2,"11":2},"f":{},"b":{},"_coverageSchema":"1a1c01bbd47fc00a2c39e90264f33305004495a9","hash":"87d877c51a9c6416f9a34f16b4f4db4256958508"}
,"/home/dariel/Projects/estoque_back/src/statusHttp.js": {"path":"/home/dariel/Projects/estoque_back/src/statusHttp.js","statementMap":{"0":{"start":{"line":1,"column":0},"end":{"line":13,"column":1}}},"fnMap":{},"branchMap":{},"s":{"0":2},"f":{},"b":{},"_coverageSchema":"1a1c01bbd47fc00a2c39e90264f33305004495a9","hash":"99f197bcbbcd862f566b2a1e32862ae036e244fb"}
,"/home/dariel/Projects/estoque_back/src/cipher/cipher.js": {"path":"/home/dariel/Projects/estoque_back/src/cipher/cipher.js","statementMap":{"0":{"start":{"line":1,"column":15},"end":{"line":1,"column":32}},"1":{"start":{"line":3,"column":19},"end":{"line":3,"column":21}},"2":{"start":{"line":5,"column":0},"end":{"line":34,"column":1}},"3":{"start":{"line":7,"column":8},"end":{"line":15,"column":10}},"4":{"start":{"line":8,"column":12},"end":{"line":14,"column":14}},"5":{"start":{"line":10,"column":16},"end":{"line":10,"column":30}},"6":{"start":{"line":13,"column":16},"end":{"line":13,"column":28}},"7":{"start":{"line":19,"column":8},"end":{"line":32,"column":11}},"8":{"start":{"line":20,"column":12},"end":{"line":31,"column":14}},"9":{"start":{"line":21,"column":16},"end":{"line":21,"column":44}},"10":{"start":{"line":22,"column":16},"end":{"line":30,"column":17}},"11":{"start":{"line":23,"column":20},"end":{"line":23,"column":35}},"12":{"start":{"line":25,"column":20},"end":{"line":29,"column":21}},"13":{"start":{"line":26,"column":24},"end":{"line":26,"column":38}},"14":{"start":{"line":28,"column":24},"end":{"line":28,"column":39}}},"fnMap":{"0":{"name":"(anonymous_0)","decl":{"start":{"line":6,"column":13},"end":{"line":6,"column":14}},"loc":{"start":{"line":6,"column":31},"end":{"line":16,"column":5}},"line":6},"1":{"name":"(anonymous_1)","decl":{"start":{"line":7,"column":27},"end":{"line":7,"column":28}},"loc":{"start":{"line":7,"column":54},"end":{"line":15,"column":9}},"line":7},"2":{"name":"(anonymous_2)","decl":{"start":{"line":9,"column":18},"end":{"line":9,"column":19}},"loc":{"start":{"line":9,"column":28},"end":{"line":11,"column":13}},"line":9},"3":{"name":"(anonymous_3)","decl":{"start":{"line":12,"column":19},"end":{"line":12,"column":20}},"loc":{"start":{"line":12,"column":26},"end":{"line":14,"column":13}},"line":12},"4":{"name":"(anonymous_4)","decl":{"start":{"line":18,"column":14},"end":{"line":18,"column":15}},"loc":{"start":{"line":18,"column":40},"end":{"line":33,"column":5}},"line":18},"5":{"name":"(anonymous_5)","decl":{"start":{"line":19,"column":27},"end":{"line":19,"column":28}},"loc":{"start":{"line":19,"column":46},"end":{"line":32,"column":9}},"line":19},"6":{"name":"(anonymous_6)","decl":{"start":{"line":20,"column":43},"end":{"line":20,"column":44}},"loc":{"start":{"line":20,"column":60},"end":{"line":31,"column":13}},"line":20}},"branchMap":{"0":{"loc":{"start":{"line":22,"column":16},"end":{"line":30,"column":17}},"type":"if","locations":[{"start":{"line":22,"column":16},"end":{"line":30,"column":17}},{"start":{"line":24,"column":21},"end":{"line":30,"column":17}}],"line":22},"1":{"loc":{"start":{"line":25,"column":20},"end":{"line":29,"column":21}},"type":"if","locations":[{"start":{"line":25,"column":20},"end":{"line":29,"column":21}},{"start":{"line":27,"column":25},"end":{"line":29,"column":21}}],"line":25}},"s":{"0":3,"1":3,"2":3,"3":10,"4":10,"5":5,"6":4,"7":3,"8":3,"9":3,"10":3,"11":1,"12":2,"13":1,"14":1},"f":{"0":10,"1":10,"2":5,"3":4,"4":3,"5":3,"6":3},"b":{"0":[1,2],"1":[1,1]},"_coverageSchema":"1a1c01bbd47fc00a2c39e90264f33305004495a9","hash":"9ac8d19080be5aa17edc379bb52fe5eb82413cab"}
,"/home/dariel/Projects/estoque_back/src/controllers/itemController.js": {"path":"/home/dariel/Projects/estoque_back/src/controllers/itemController.js","statementMap":{"0":{"start":{"line":1,"column":13},"end":{"line":1,"column":42}},"1":{"start":{"line":2,"column":19},"end":{"line":2,"column":43}},"2":{"start":{"line":4,"column":0},"end":{"line":74,"column":1}},"3":{"start":{"line":6,"column":27},"end":{"line":6,"column":35}},"4":{"start":{"line":7,"column":22},"end":{"line":7,"column":42}},"5":{"start":{"line":8,"column":8},"end":{"line":20,"column":9}},"6":{"start":{"line":9,"column":12},"end":{"line":9,"column":33}},"7":{"start":{"line":10,"column":12},"end":{"line":10,"column":52}},"8":{"start":{"line":12,"column":12},"end":{"line":19,"column":13}},"9":{"start":{"line":13,"column":16},"end":{"line":13,"column":112}},"10":{"start":{"line":14,"column":19},"end":{"line":19,"column":13}},"11":{"start":{"line":15,"column":16},"end":{"line":15,"column":127}},"12":{"start":{"line":17,"column":16},"end":{"line":17,"column":35}},"13":{"start":{"line":18,"column":16},"end":{"line":18,"column":73}},"14":{"start":{"line":24,"column":23},"end":{"line":24,"column":32}},"15":{"start":{"line":25,"column":28},"end":{"line":25,"column":36}},"16":{"start":{"line":26,"column":8},"end":{"line":36,"column":9}},"17":{"start":{"line":27,"column":12},"end":{"line":32,"column":13}},"18":{"start":{"line":28,"column":16},"end":{"line":28,"column":75}},"19":{"start":{"line":29,"column":16},"end":{"line":29,"column":56}},"20":{"start":{"line":31,"column":16},"end":{"line":31,"column":62}},"21":{"start":{"line":34,"column":12},"end":{"line":34,"column":31}},"22":{"start":{"line":35,"column":12},"end":{"line":35,"column":69}},"23":{"start":{"line":40,"column":23},"end":{"line":40,"column":32}},"24":{"start":{"line":41,"column":8},"end":{"line":52,"column":9}},"25":{"start":{"line":42,"column":12},"end":{"line":47,"column":13}},"26":{"start":{"line":43,"column":16},"end":{"line":43,"column":50}},"27":{"start":{"line":44,"column":16},"end":{"line":44,"column":56}},"28":{"start":{"line":46,"column":16},"end":{"line":46,"column":62}},"29":{"start":{"line":50,"column":12},"end":{"line":50,"column":31}},"30":{"start":{"line":51,"column":12},"end":{"line":51,"column":69}},"31":{"start":{"line":56,"column":23},"end":{"line":56,"column":32}},"32":{"start":{"line":57,"column":8},"end":{"line":72,"column":9}},"33":{"start":{"line":58,"column":12},"end":{"line":68,"column":13}},"34":{"start":{"line":59,"column":30},"end":{"line":59,"column":47}},"35":{"start":{"line":60,"column":16},"end":{"line":60,"column":32}},"36":{"start":{"line":62,"column":29},"end":{"line":62,"column":60}},"37":{"start":{"line":63,"column":16},"end":{"line":67,"column":17}},"38":{"start":{"line":64,"column":20},"end":{"line":64,"column":35}},"39":{"start":{"line":66,"column":20},"end":{"line":66,"column":66}},"40":{"start":{"line":70,"column":12},"end":{"line":70,"column":31}},"41":{"start":{"line":71,"column":12},"end":{"line":71,"column":69}}},"fnMap":{"0":{"name":"(anonymous_0)","decl":{"start":{"line":5,"column":13},"end":{"line":5,"column":14}},"loc":{"start":{"line":5,"column":33},"end":{"line":21,"column":5}},"line":5},"1":{"name":"(anonymous_1)","decl":{"start":{"line":23,"column":13},"end":{"line":23,"column":14}},"loc":{"start":{"line":23,"column":33},"end":{"line":37,"column":5}},"line":23},"2":{"name":"(anonymous_2)","decl":{"start":{"line":39,"column":16},"end":{"line":39,"column":17}},"loc":{"start":{"line":39,"column":36},"end":{"line":53,"column":5}},"line":39},"3":{"name":"(anonymous_3)","decl":{"start":{"line":55,"column":13},"end":{"line":55,"column":14}},"loc":{"start":{"line":55,"column":33},"end":{"line":73,"column":5}},"line":55}},"branchMap":{"0":{"loc":{"start":{"line":12,"column":12},"end":{"line":19,"column":13}},"type":"if","locations":[{"start":{"line":12,"column":12},"end":{"line":19,"column":13}},{"start":{"line":14,"column":19},"end":{"line":19,"column":13}}],"line":12},"1":{"loc":{"start":{"line":14,"column":19},"end":{"line":19,"column":13}},"type":"if","locations":[{"start":{"line":14,"column":19},"end":{"line":19,"column":13}},{"start":{"line":16,"column":19},"end":{"line":19,"column":13}}],"line":14},"2":{"loc":{"start":{"line":27,"column":12},"end":{"line":32,"column":13}},"type":"if","locations":[{"start":{"line":27,"column":12},"end":{"line":32,"column":13}},{"start":{"line":30,"column":19},"end":{"line":32,"column":13}}],"line":27},"3":{"loc":{"start":{"line":42,"column":12},"end":{"line":47,"column":13}},"type":"if","locations":[{"start":{"line":42,"column":12},"end":{"line":47,"column":13}},{"start":{"line":45,"column":19},"end":{"line":47,"column":13}}],"line":42},"4":{"loc":{"start":{"line":58,"column":12},"end":{"line":68,"column":13}},"type":"if","locations":[{"start":{"line":58,"column":12},"end":{"line":68,"column":13}},{"start":{"line":61,"column":19},"end":{"line":68,"column":13}}],"line":58},"5":{"loc":{"start":{"line":63,"column":16},"end":{"line":67,"column":17}},"type":"if","locations":[{"start":{"line":63,"column":16},"end":{"line":67,"column":17}},{"start":{"line":65,"column":23},"end":{"line":67,"column":17}}],"line":63}},"s":{"0":2,"1":2,"2":2,"3":2,"4":2,"5":2,"6":2,"7":1,"8":1,"9":1,"10":0,"11":0,"12":0,"13":0,"14":2,"15":2,"16":2,"17":2,"18":1,"19":1,"20":1,"21":0,"22":0,"23":2,"24":2,"25":2,"26":1,"27":1,"28":1,"29":0,"30":0,"31":3,"32":3,"33":3,"34":1,"35":1,"36":2,"37":2,"38":1,"39":1,"40":0,"41":0},"f":{"0":2,"1":2,"2":2,"3":3},"b":{"0":[1,0],"1":[0,0],"2":[1,1],"3":[1,1],"4":[1,2],"5":[1,1]},"_coverageSchema":"1a1c01bbd47fc00a2c39e90264f33305004495a9","hash":"c859ba0d0664d73dd0ba05327eea87088295f6d7"}
,"/home/dariel/Projects/estoque_back/src/controllers/sellController.js": {"path":"/home/dariel/Projects/estoque_back/src/controllers/sellController.js","statementMap":{"0":{"start":{"line":1,"column":13},"end":{"line":1,"column":42}},"1":{"start":{"line":2,"column":19},"end":{"line":2,"column":43}},"2":{"start":{"line":4,"column":0},"end":{"line":74,"column":1}},"3":{"start":{"line":6,"column":27},"end":{"line":6,"column":35}},"4":{"start":{"line":7,"column":22},"end":{"line":7,"column":42}},"5":{"start":{"line":8,"column":8},"end":{"line":20,"column":9}},"6":{"start":{"line":9,"column":12},"end":{"line":9,"column":33}},"7":{"start":{"line":10,"column":12},"end":{"line":10,"column":52}},"8":{"start":{"line":12,"column":12},"end":{"line":19,"column":13}},"9":{"start":{"line":13,"column":16},"end":{"line":13,"column":108}},"10":{"start":{"line":14,"column":19},"end":{"line":19,"column":13}},"11":{"start":{"line":15,"column":16},"end":{"line":15,"column":121}},"12":{"start":{"line":17,"column":16},"end":{"line":17,"column":35}},"13":{"start":{"line":18,"column":16},"end":{"line":18,"column":73}},"14":{"start":{"line":24,"column":23},"end":{"line":24,"column":32}},"15":{"start":{"line":25,"column":27},"end":{"line":25,"column":35}},"16":{"start":{"line":26,"column":8},"end":{"line":36,"column":9}},"17":{"start":{"line":27,"column":12},"end":{"line":32,"column":13}},"18":{"start":{"line":28,"column":16},"end":{"line":28,"column":74}},"19":{"start":{"line":29,"column":16},"end":{"line":29,"column":56}},"20":{"start":{"line":31,"column":16},"end":{"line":31,"column":62}},"21":{"start":{"line":34,"column":12},"end":{"line":34,"column":31}},"22":{"start":{"line":35,"column":12},"end":{"line":35,"column":69}},"23":{"start":{"line":40,"column":23},"end":{"line":40,"column":32}},"24":{"start":{"line":41,"column":8},"end":{"line":52,"column":9}},"25":{"start":{"line":42,"column":12},"end":{"line":47,"column":13}},"26":{"start":{"line":43,"column":16},"end":{"line":43,"column":50}},"27":{"start":{"line":44,"column":16},"end":{"line":44,"column":56}},"28":{"start":{"line":46,"column":16},"end":{"line":46,"column":62}},"29":{"start":{"line":50,"column":12},"end":{"line":50,"column":31}},"30":{"start":{"line":51,"column":12},"end":{"line":51,"column":69}},"31":{"start":{"line":56,"column":23},"end":{"line":56,"column":32}},"32":{"start":{"line":57,"column":8},"end":{"line":72,"column":9}},"33":{"start":{"line":58,"column":12},"end":{"line":68,"column":13}},"34":{"start":{"line":59,"column":30},"end":{"line":59,"column":47}},"35":{"start":{"line":60,"column":16},"end":{"line":60,"column":32}},"36":{"start":{"line":62,"column":29},"end":{"line":62,"column":60}},"37":{"start":{"line":63,"column":16},"end":{"line":67,"column":17}},"38":{"start":{"line":64,"column":20},"end":{"line":64,"column":35}},"39":{"start":{"line":66,"column":20},"end":{"line":66,"column":66}},"40":{"start":{"line":70,"column":12},"end":{"line":70,"column":31}},"41":{"start":{"line":71,"column":12},"end":{"line":71,"column":69}}},"fnMap":{"0":{"name":"(anonymous_0)","decl":{"start":{"line":5,"column":13},"end":{"line":5,"column":14}},"loc":{"start":{"line":5,"column":33},"end":{"line":21,"column":5}},"line":5},"1":{"name":"(anonymous_1)","decl":{"start":{"line":23,"column":13},"end":{"line":23,"column":14}},"loc":{"start":{"line":23,"column":33},"end":{"line":37,"column":5}},"line":23},"2":{"name":"(anonymous_2)","decl":{"start":{"line":39,"column":16},"end":{"line":39,"column":17}},"loc":{"start":{"line":39,"column":36},"end":{"line":53,"column":5}},"line":39},"3":{"name":"(anonymous_3)","decl":{"start":{"line":55,"column":13},"end":{"line":55,"column":14}},"loc":{"start":{"line":55,"column":33},"end":{"line":73,"column":5}},"line":55}},"branchMap":{"0":{"loc":{"start":{"line":12,"column":12},"end":{"line":19,"column":13}},"type":"if","locations":[{"start":{"line":12,"column":12},"end":{"line":19,"column":13}},{"start":{"line":14,"column":19},"end":{"line":19,"column":13}}],"line":12},"1":{"loc":{"start":{"line":14,"column":19},"end":{"line":19,"column":13}},"type":"if","locations":[{"start":{"line":14,"column":19},"end":{"line":19,"column":13}},{"start":{"line":16,"column":19},"end":{"line":19,"column":13}}],"line":14},"2":{"loc":{"start":{"line":27,"column":12},"end":{"line":32,"column":13}},"type":"if","locations":[{"start":{"line":27,"column":12},"end":{"line":32,"column":13}},{"start":{"line":30,"column":19},"end":{"line":32,"column":13}}],"line":27},"3":{"loc":{"start":{"line":42,"column":12},"end":{"line":47,"column":13}},"type":"if","locations":[{"start":{"line":42,"column":12},"end":{"line":47,"column":13}},{"start":{"line":45,"column":19},"end":{"line":47,"column":13}}],"line":42},"4":{"loc":{"start":{"line":58,"column":12},"end":{"line":68,"column":13}},"type":"if","locations":[{"start":{"line":58,"column":12},"end":{"line":68,"column":13}},{"start":{"line":61,"column":19},"end":{"line":68,"column":13}}],"line":58},"5":{"loc":{"start":{"line":63,"column":16},"end":{"line":67,"column":17}},"type":"if","locations":[{"start":{"line":63,"column":16},"end":{"line":67,"column":17}},{"start":{"line":65,"column":23},"end":{"line":67,"column":17}}],"line":63}},"s":{"0":2,"1":2,"2":2,"3":2,"4":2,"5":2,"6":2,"7":1,"8":1,"9":1,"10":0,"11":0,"12":0,"13":0,"14":2,"15":2,"16":2,"17":2,"18":1,"19":1,"20":1,"21":0,"22":0,"23":2,"24":2,"25":2,"26":1,"27":1,"28":1,"29":0,"30":0,"31":3,"32":3,"33":3,"34":1,"35":1,"36":2,"37":2,"38":1,"39":1,"40":0,"41":0},"f":{"0":2,"1":2,"2":2,"3":3},"b":{"0":[1,0],"1":[0,0],"2":[1,1],"3":[1,1],"4":[1,2],"5":[1,1]},"_coverageSchema":"1a1c01bbd47fc00a2c39e90264f33305004495a9","hash":"5c9a92552370f823a67e6fe9174ac0e9de0702db"}
,"/home/dariel/Projects/estoque_back/src/controllers/userController.js": {"path":"/home/dariel/Projects/estoque_back/src/controllers/userController.js","statementMap":{"0":{"start":{"line":1,"column":15},"end":{"line":1,"column":42}},"1":{"start":{"line":2,"column":13},"end":{"line":2,"column":42}},"2":{"start":{"line":3,"column":19},"end":{"line":3,"column":43}},"3":{"start":{"line":5,"column":0},"end":{"line":78,"column":1}},"4":{"start":{"line":7,"column":27},"end":{"line":7,"column":35}},"5":{"start":{"line":8,"column":8},"end":{"line":10,"column":9}},"6":{"start":{"line":9,"column":12},"end":{"line":9,"column":123}},"7":{"start":{"line":11,"column":8},"end":{"line":11,"column":71}},"8":{"start":{"line":12,"column":22},"end":{"line":12,"column":42}},"9":{"start":{"line":13,"column":8},"end":{"line":25,"column":9}},"10":{"start":{"line":14,"column":12},"end":{"line":14,"column":33}},"11":{"start":{"line":15,"column":12},"end":{"line":15,"column":52}},"12":{"start":{"line":17,"column":12},"end":{"line":24,"column":13}},"13":{"start":{"line":18,"column":16},"end":{"line":18,"column":112}},"14":{"start":{"line":19,"column":19},"end":{"line":24,"column":13}},"15":{"start":{"line":20,"column":16},"end":{"line":20,"column":127}},"16":{"start":{"line":22,"column":16},"end":{"line":22,"column":35}},"17":{"start":{"line":23,"column":16},"end":{"line":23,"column":73}},"18":{"start":{"line":29,"column":23},"end":{"line":29,"column":32}},"19":{"start":{"line":30,"column":27},"end":{"line":30,"column":35}},"20":{"start":{"line":31,"column":8},"end":{"line":41,"column":9}},"21":{"start":{"line":32,"column":12},"end":{"line":37,"column":13}},"22":{"start":{"line":33,"column":16},"end":{"line":33,"column":74}},"23":{"start":{"line":34,"column":16},"end":{"line":34,"column":56}},"24":{"start":{"line":36,"column":16},"end":{"line":36,"column":62}},"25":{"start":{"line":39,"column":12},"end":{"line":39,"column":31}},"26":{"start":{"line":40,"column":12},"end":{"line":40,"column":69}},"27":{"start":{"line":45,"column":23},"end":{"line":45,"column":32}},"28":{"start":{"line":46,"column":8},"end":{"line":56,"column":9}},"29":{"start":{"line":47,"column":12},"end":{"line":52,"column":13}},"30":{"start":{"line":48,"column":16},"end":{"line":48,"column":50}},"31":{"start":{"line":49,"column":16},"end":{"line":49,"column":56}},"32":{"start":{"line":51,"column":16},"end":{"line":51,"column":62}},"33":{"start":{"line":54,"column":12},"end":{"line":54,"column":31}},"34":{"start":{"line":55,"column":12},"end":{"line":55,"column":69}},"35":{"start":{"line":60,"column":23},"end":{"line":60,"column":32}},"36":{"start":{"line":61,"column":8},"end":{"line":76,"column":9}},"37":{"start":{"line":62,"column":12},"end":{"line":72,"column":13}},"38":{"start":{"line":63,"column":30},"end":{"line":63,"column":47}},"39":{"start":{"line":64,"column":16},"end":{"line":64,"column":32}},"40":{"start":{"line":66,"column":29},"end":{"line":66,"column":60}},"41":{"start":{"line":67,"column":16},"end":{"line":71,"column":17}},"42":{"start":{"line":68,"column":20},"end":{"line":68,"column":35}},"43":{"start":{"line":70,"column":20},"end":{"line":70,"column":66}},"44":{"start":{"line":74,"column":12},"end":{"line":74,"column":31}},"45":{"start":{"line":75,"column":12},"end":{"line":75,"column":69}}},"fnMap":{"0":{"name":"(anonymous_0)","decl":{"start":{"line":6,"column":13},"end":{"line":6,"column":14}},"loc":{"start":{"line":6,"column":33},"end":{"line":26,"column":5}},"line":6},"1":{"name":"(anonymous_1)","decl":{"start":{"line":28,"column":13},"end":{"line":28,"column":14}},"loc":{"start":{"line":28,"column":33},"end":{"line":42,"column":5}},"line":28},"2":{"name":"(anonymous_2)","decl":{"start":{"line":44,"column":16},"end":{"line":44,"column":17}},"loc":{"start":{"line":44,"column":36},"end":{"line":57,"column":5}},"line":44},"3":{"name":"(anonymous_3)","decl":{"start":{"line":59,"column":13},"end":{"line":59,"column":14}},"loc":{"start":{"line":59,"column":33},"end":{"line":77,"column":5}},"line":59}},"branchMap":{"0":{"loc":{"start":{"line":8,"column":8},"end":{"line":10,"column":9}},"type":"if","locations":[{"start":{"line":8,"column":8},"end":{"line":10,"column":9}},{"start":{},"end":{}}],"line":8},"1":{"loc":{"start":{"line":17,"column":12},"end":{"line":24,"column":13}},"type":"if","locations":[{"start":{"line":17,"column":12},"end":{"line":24,"column":13}},{"start":{"line":19,"column":19},"end":{"line":24,"column":13}}],"line":17},"2":{"loc":{"start":{"line":19,"column":19},"end":{"line":24,"column":13}},"type":"if","locations":[{"start":{"line":19,"column":19},"end":{"line":24,"column":13}},{"start":{"line":21,"column":19},"end":{"line":24,"column":13}}],"line":19},"3":{"loc":{"start":{"line":32,"column":12},"end":{"line":37,"column":13}},"type":"if","locations":[{"start":{"line":32,"column":12},"end":{"line":37,"column":13}},{"start":{"line":35,"column":17},"end":{"line":37,"column":13}}],"line":32},"4":{"loc":{"start":{"line":47,"column":12},"end":{"line":52,"column":13}},"type":"if","locations":[{"start":{"line":47,"column":12},"end":{"line":52,"column":13}},{"start":{"line":50,"column":19},"end":{"line":52,"column":13}}],"line":47},"5":{"loc":{"start":{"line":62,"column":12},"end":{"line":72,"column":13}},"type":"if","locations":[{"start":{"line":62,"column":12},"end":{"line":72,"column":13}},{"start":{"line":65,"column":19},"end":{"line":72,"column":13}}],"line":62},"6":{"loc":{"start":{"line":67,"column":16},"end":{"line":71,"column":17}},"type":"if","locations":[{"start":{"line":67,"column":16},"end":{"line":71,"column":17}},{"start":{"line":69,"column":23},"end":{"line":71,"column":17}}],"line":67}},"s":{"0":2,"1":2,"2":2,"3":2,"4":3,"5":3,"6":0,"7":3,"8":3,"9":3,"10":3,"11":2,"12":1,"13":1,"14":0,"15":0,"16":0,"17":0,"18":2,"19":2,"20":2,"21":2,"22":1,"23":1,"24":1,"25":0,"26":0,"27":3,"28":3,"29":3,"30":2,"31":2,"32":1,"33":0,"34":0,"35":3,"36":3,"37":3,"38":1,"39":1,"40":2,"41":2,"42":1,"43":1,"44":0,"45":0},"f":{"0":3,"1":2,"2":3,"3":3},"b":{"0":[0,3],"1":[1,0],"2":[0,0],"3":[1,1],"4":[2,1],"5":[1,2],"6":[1,1]},"_coverageSchema":"1a1c01bbd47fc00a2c39e90264f33305004495a9","hash":"413d956f6a4b59254a0e9dff2a3e44be697b6391"}
,"/home/dariel/Projects/estoque_back/src/db/db.js": {"path":"/home/dariel/Projects/estoque_back/src/db/db.js","statementMap":{"0":{"start":{"line":1,"column":0},"end":{"line":1,"column":27}},"1":{"start":{"line":2,"column":17},"end":{"line":2,"column":36}},"2":{"start":{"line":4,"column":0},"end":{"line":4,"column":38}},"3":{"start":{"line":4,"column":20},"end":{"line":4,"column":36}},"4":{"start":{"line":7,"column":4},"end":{"line":7,"column":39}},"5":{"start":{"line":8,"column":4},"end":{"line":8,"column":47}},"6":{"start":{"line":11,"column":0},"end":{"line":11,"column":26}}},"fnMap":{"0":{"name":"(anonymous_0)","decl":{"start":{"line":4,"column":13},"end":{"line":4,"column":14}},"loc":{"start":{"line":4,"column":20},"end":{"line":4,"column":36}},"line":4},"1":{"name":"main","decl":{"start":{"line":6,"column":15},"end":{"line":6,"column":19}},"loc":{"start":{"line":6,"column":22},"end":{"line":9,"column":1}},"line":6}},"branchMap":{},"s":{"0":2,"1":2,"2":2,"3":0,"4":2,"5":2,"6":2},"f":{"0":0,"1":2},"b":{},"_coverageSchema":"1a1c01bbd47fc00a2c39e90264f33305004495a9","hash":"5fd51d42be5574eb82f87722e05d632d483b5df0"}
,"/home/dariel/Projects/estoque_back/src/db/schemas/disabledJWT.js": {"path":"/home/dariel/Projects/estoque_back/src/db/schemas/disabledJWT.js","statementMap":{"0":{"start":{"line":1,"column":17},"end":{"line":1,"column":33}},"1":{"start":{"line":3,"column":26},"end":{"line":6,"column":2}},"2":{"start":{"line":8,"column":20},"end":{"line":8,"column":68}},"3":{"start":{"line":10,"column":0},"end":{"line":10,"column":29}}},"fnMap":{},"branchMap":{},"s":{"0":2,"1":2,"2":2,"3":2},"f":{},"b":{},"_coverageSchema":"1a1c01bbd47fc00a2c39e90264f33305004495a9","hash":"83ce81cf07c7f7e52c8ee699433d209053090ad1"}
,"/home/dariel/Projects/estoque_back/src/db/schemas/item.js": {"path":"/home/dariel/Projects/estoque_back/src/db/schemas/item.js","statementMap":{"0":{"start":{"line":1,"column":17},"end":{"line":1,"column":33}},"1":{"start":{"line":3,"column":19},"end":{"line":10,"column":2}},"2":{"start":{"line":12,"column":13},"end":{"line":12,"column":47}},"3":{"start":{"line":14,"column":0},"end":{"line":14,"column":22}}},"fnMap":{},"branchMap":{},"s":{"0":2,"1":2,"2":2,"3":2},"f":{},"b":{},"_coverageSchema":"1a1c01bbd47fc00a2c39e90264f33305004495a9","hash":"c3117088a8f2456ec6160a1cab56a540bec39746"}
,"/home/dariel/Projects/estoque_back/src/db/schemas/sell.js": {"path":"/home/dariel/Projects/estoque_back/src/db/schemas/sell.js","statementMap":{"0":{"start":{"line":1,"column":17},"end":{"line":1,"column":33}},"1":{"start":{"line":3,"column":19},"end":{"line":7,"column":2}},"2":{"start":{"line":4,"column":45},"end":{"line":4,"column":61}},"3":{"start":{"line":9,"column":13},"end":{"line":9,"column":47}},"4":{"start":{"line":11,"column":0},"end":{"line":11,"column":22}}},"fnMap":{"0":{"name":"(anonymous_0)","decl":{"start":{"line":4,"column":36},"end":{"line":4,"column":37}},"loc":{"start":{"line":4,"column":45},"end":{"line":4,"column":61}},"line":4}},"branchMap":{},"s":{"0":2,"1":2,"2":2,"3":2,"4":2},"f":{"0":2},"b":{},"_coverageSchema":"1a1c01bbd47fc00a2c39e90264f33305004495a9","hash":"02ca90da9e594681c10db4a121b9c9719a934110"}
,"/home/dariel/Projects/estoque_back/src/db/schemas/user.js": {"path":"/home/dariel/Projects/estoque_back/src/db/schemas/user.js","statementMap":{"0":{"start":{"line":1,"column":17},"end":{"line":1,"column":33}},"1":{"start":{"line":3,"column":19},"end":{"line":8,"column":2}},"2":{"start":{"line":10,"column":13},"end":{"line":10,"column":47}},"3":{"start":{"line":12,"column":0},"end":{"line":12,"column":22}}},"fnMap":{},"branchMap":{},"s":{"0":2,"1":2,"2":2,"3":2},"f":{},"b":{},"_coverageSchema":"1a1c01bbd47fc00a2c39e90264f33305004495a9","hash":"9b7437e601cb9632c5a13150b60de0a15f77f0a5"}
,"/home/dariel/Projects/estoque_back/src/middlewares/jwt.js": {"path":"/home/dariel/Projects/estoque_back/src/middlewares/jwt.js","statementMap":{"0":{"start":{"line":1,"column":0},"end":{"line":1,"column":27}},"1":{"start":{"line":2,"column":12},"end":{"line":2,"column":35}},"2":{"start":{"line":3,"column":20},"end":{"line":3,"column":56}},"3":{"start":{"line":4,"column":19},"end":{"line":4,"column":43}},"4":{"start":{"line":6,"column":0},"end":{"line":45,"column":1}},"5":{"start":{"line":8,"column":8},"end":{"line":43,"column":9}},"6":{"start":{"line":9,"column":28},"end":{"line":9,"column":39}},"7":{"start":{"line":10,"column":12},"end":{"line":12,"column":13}},"8":{"start":{"line":11,"column":16},"end":{"line":11,"column":40}},"9":{"start":{"line":13,"column":12},"end":{"line":15,"column":13}},"10":{"start":{"line":14,"column":16},"end":{"line":14,"column":39}},"11":{"start":{"line":16,"column":12},"end":{"line":18,"column":13}},"12":{"start":{"line":17,"column":16},"end":{"line":17,"column":71}},"13":{"start":{"line":19,"column":25},"end":{"line":27,"column":14}},"14":{"start":{"line":20,"column":16},"end":{"line":26,"column":19}},"15":{"start":{"line":21,"column":20},"end":{"line":25,"column":21}},"16":{"start":{"line":22,"column":24},"end":{"line":22,"column":43}},"17":{"start":{"line":24,"column":24},"end":{"line":24,"column":41}},"18":{"start":{"line":28,"column":12},"end":{"line":38,"column":13}},"19":{"start":{"line":29,"column":16},"end":{"line":29,"column":73}},"20":{"start":{"line":31,"column":16},"end":{"line":37,"column":17}},"21":{"start":{"line":32,"column":20},"end":{"line":32,"column":77}},"22":{"start":{"line":34,"column":20},"end":{"line":34,"column":54}},"23":{"start":{"line":35,"column":20},"end":{"line":35,"column":46}},"24":{"start":{"line":36,"column":20},"end":{"line":36,"column":34}},"25":{"start":{"line":41,"column":12},"end":{"line":41,"column":31}},"26":{"start":{"line":42,"column":12},"end":{"line":42,"column":69}}},"fnMap":{"0":{"name":"(anonymous_0)","decl":{"start":{"line":7,"column":17},"end":{"line":7,"column":18}},"loc":{"start":{"line":7,"column":43},"end":{"line":44,"column":5}},"line":7},"1":{"name":"(anonymous_1)","decl":{"start":{"line":19,"column":43},"end":{"line":19,"column":44}},"loc":{"start":{"line":19,"column":56},"end":{"line":27,"column":13}},"line":19},"2":{"name":"(anonymous_2)","decl":{"start":{"line":20,"column":55},"end":{"line":20,"column":56}},"loc":{"start":{"line":20,"column":75},"end":{"line":26,"column":17}},"line":20}},"branchMap":{"0":{"loc":{"start":{"line":10,"column":12},"end":{"line":12,"column":13}},"type":"if","locations":[{"start":{"line":10,"column":12},"end":{"line":12,"column":13}},{"start":{},"end":{}}],"line":10},"1":{"loc":{"start":{"line":13,"column":12},"end":{"line":15,"column":13}},"type":"if","locations":[{"start":{"line":13,"column":12},"end":{"line":15,"column":13}},{"start":{},"end":{}}],"line":13},"2":{"loc":{"start":{"line":16,"column":12},"end":{"line":18,"column":13}},"type":"if","locations":[{"start":{"line":16,"column":12},"end":{"line":18,"column":13}},{"start":{},"end":{}}],"line":16},"3":{"loc":{"start":{"line":21,"column":20},"end":{"line":25,"column":21}},"type":"if","locations":[{"start":{"line":21,"column":20},"end":{"line":25,"column":21}},{"start":{"line":23,"column":27},"end":{"line":25,"column":21}}],"line":21},"4":{"loc":{"start":{"line":28,"column":12},"end":{"line":38,"column":13}},"type":"if","locations":[{"start":{"line":28,"column":12},"end":{"line":38,"column":13}},{"start":{"line":30,"column":19},"end":{"line":38,"column":13}}],"line":28},"5":{"loc":{"start":{"line":31,"column":16},"end":{"line":37,"column":17}},"type":"if","locations":[{"start":{"line":31,"column":16},"end":{"line":37,"column":17}},{"start":{"line":33,"column":23},"end":{"line":37,"column":17}}],"line":31}},"s":{"0":2,"1":2,"2":2,"3":2,"4":2,"5":29,"6":29,"7":29,"8":29,"9":29,"10":1,"11":29,"12":1,"13":28,"14":28,"15":28,"16":0,"17":28,"18":28,"19":0,"20":28,"21":1,"22":27,"23":27,"24":27,"25":0,"26":0},"f":{"0":29,"1":28,"2":28},"b":{"0":[29,0],"1":[1,28],"2":[1,28],"3":[0,28],"4":[0,28],"5":[1,27]},"_coverageSchema":"1a1c01bbd47fc00a2c39e90264f33305004495a9","hash":"6942f6e145fcdda15c949e33f6a39d0aa7162059"}
,"/home/dariel/Projects/estoque_back/src/router/access.js": {"path":"/home/dariel/Projects/estoque_back/src/router/access.js","statementMap":{"0":{"start":{"line":1,"column":16},"end":{"line":1,"column":34}},"1":{"start":{"line":2,"column":24},"end":{"line":2,"column":53}},"2":{"start":{"line":3,"column":26},"end":{"line":3,"column":55}},"3":{"start":{"line":5,"column":15},"end":{"line":5,"column":31}},"4":{"start":{"line":7,"column":0},"end":{"line":7,"column":32}},"5":{"start":{"line":8,"column":0},"end":{"line":8,"column":47}},"6":{"start":{"line":10,"column":0},"end":{"line":10,"column":24}}},"fnMap":{},"branchMap":{},"s":{"0":2,"1":2,"2":2,"3":2,"4":2,"5":2,"6":2},"f":{},"b":{},"_coverageSchema":"1a1c01bbd47fc00a2c39e90264f33305004495a9","hash":"7d4607bdd26e4799d24ec35aacec0bec5d01ece8"}
,"/home/dariel/Projects/estoque_back/src/router/api.js": {"path":"/home/dariel/Projects/estoque_back/src/router/api.js","statementMap":{"0":{"start":{"line":1,"column":16},"end":{"line":1,"column":34}},"1":{"start":{"line":2,"column":50},"end":{"line":2,"column":90}},"2":{"start":{"line":3,"column":50},"end":{"line":3,"column":90}},"3":{"start":{"line":4,"column":50},"end":{"line":4,"column":90}},"4":{"start":{"line":5,"column":24},"end":{"line":5,"column":53}},"5":{"start":{"line":6,"column":12},"end":{"line":6,"column":28}},"6":{"start":{"line":9,"column":0},"end":{"line":9,"column":42}},"7":{"start":{"line":10,"column":0},"end":{"line":10,"column":42}},"8":{"start":{"line":11,"column":0},"end":{"line":11,"column":48}},"9":{"start":{"line":12,"column":0},"end":{"line":12,"column":30}},"10":{"start":{"line":15,"column":0},"end":{"line":15,"column":42}},"11":{"start":{"line":16,"column":0},"end":{"line":16,"column":42}},"12":{"start":{"line":17,"column":0},"end":{"line":17,"column":48}},"13":{"start":{"line":18,"column":0},"end":{"line":18,"column":43}},"14":{"start":{"line":21,"column":0},"end":{"line":21,"column":42}},"15":{"start":{"line":22,"column":0},"end":{"line":22,"column":42}},"16":{"start":{"line":23,"column":0},"end":{"line":23,"column":48}},"17":{"start":{"line":24,"column":0},"end":{"line":24,"column":43}},"18":{"start":{"line":26,"column":0},"end":{"line":26,"column":21}}},"fnMap":{},"branchMap":{},"s":{"0":2,"1":2,"2":2,"3":2,"4":2,"5":2,"6":2,"7":2,"8":2,"9":2,"10":2,"11":2,"12":2,"13":2,"14":2,"15":2,"16":2,"17":2,"18":2},"f":{},"b":{},"_coverageSchema":"1a1c01bbd47fc00a2c39e90264f33305004495a9","hash":"06457b9e9c1faffdd228bad6894d34c4b7bb2659"}
,"/home/dariel/Projects/estoque_back/src/services/access.js": {"path":"/home/dariel/Projects/estoque_back/src/services/access.js","statementMap":{"0":{"start":{"line":1,"column":20},"end":{"line":1,"column":37}},"1":{"start":{"line":2,"column":12},"end":{"line":2,"column":35}},"2":{"start":{"line":4,"column":20},"end":{"line":4,"column":56}},"3":{"start":{"line":5,"column":13},"end":{"line":5,"column":42}},"4":{"start":{"line":6,"column":19},"end":{"line":6,"column":43}},"5":{"start":{"line":9,"column":4},"end":{"line":14,"column":5}},"6":{"start":{"line":10,"column":22},"end":{"line":10,"column":79}},"7":{"start":{"line":11,"column":8},"end":{"line":11,"column":21}},"8":{"start":{"line":13,"column":8},"end":{"line":13,"column":27}},"9":{"start":{"line":17,"column":0},"end":{"line":72,"column":1}},"10":{"start":{"line":22,"column":8},"end":{"line":50,"column":9}},"11":{"start":{"line":23,"column":40},"end":{"line":23,"column":48}},"12":{"start":{"line":24,"column":12},"end":{"line":26,"column":13}},"13":{"start":{"line":25,"column":16},"end":{"line":25,"column":71}},"14":{"start":{"line":27,"column":25},"end":{"line":27,"column":61}},"15":{"start":{"line":28,"column":12},"end":{"line":46,"column":13}},"16":{"start":{"line":29,"column":37},"end":{"line":29,"column":50}},"17":{"start":{"line":30,"column":31},"end":{"line":30,"column":39}},"18":{"start":{"line":31,"column":29},"end":{"line":31,"column":38}},"19":{"start":{"line":33,"column":16},"end":{"line":43,"column":19}},"20":{"start":{"line":34,"column":20},"end":{"line":39,"column":21}},"21":{"start":{"line":35,"column":38},"end":{"line":35,"column":77}},"22":{"start":{"line":36,"column":24},"end":{"line":36,"column":80}},"23":{"start":{"line":38,"column":24},"end":{"line":38,"column":70}},"24":{"start":{"line":41,"column":20},"end":{"line":41,"column":39}},"25":{"start":{"line":42,"column":20},"end":{"line":42,"column":77}},"26":{"start":{"line":45,"column":16},"end":{"line":45,"column":62}},"27":{"start":{"line":48,"column":12},"end":{"line":48,"column":31}},"28":{"start":{"line":49,"column":12},"end":{"line":49,"column":69}},"29":{"start":{"line":54,"column":8},"end":{"line":70,"column":9}},"30":{"start":{"line":55,"column":44},"end":{"line":55,"column":55}},"31":{"start":{"line":56,"column":12},"end":{"line":58,"column":13}},"32":{"start":{"line":57,"column":16},"end":{"line":57,"column":71}},"33":{"start":{"line":59,"column":32},"end":{"line":59,"column":65}},"34":{"start":{"line":60,"column":12},"end":{"line":66,"column":18}},"35":{"start":{"line":62,"column":20},"end":{"line":62,"column":60}},"36":{"start":{"line":65,"column":20},"end":{"line":65,"column":77}},"37":{"start":{"line":68,"column":12},"end":{"line":68,"column":31}},"38":{"start":{"line":69,"column":12},"end":{"line":69,"column":69}}},"fnMap":{"0":{"name":"createToken","decl":{"start":{"line":8,"column":9},"end":{"line":8,"column":20}},"loc":{"start":{"line":8,"column":27},"end":{"line":15,"column":1}},"line":8},"1":{"name":"(anonymous_1)","decl":{"start":{"line":21,"column":11},"end":{"line":21,"column":12}},"loc":{"start":{"line":21,"column":31},"end":{"line":51,"column":5}},"line":21},"2":{"name":"(anonymous_2)","decl":{"start":{"line":33,"column":53},"end":{"line":33,"column":54}},"loc":{"start":{"line":33,"column":65},"end":{"line":40,"column":17}},"line":33},"3":{"name":"(anonymous_3)","decl":{"start":{"line":40,"column":25},"end":{"line":40,"column":26}},"loc":{"start":{"line":40,"column":36},"end":{"line":43,"column":17}},"line":40},"4":{"name":"(anonymous_4)","decl":{"start":{"line":53,"column":12},"end":{"line":53,"column":13}},"loc":{"start":{"line":53,"column":32},"end":{"line":71,"column":5}},"line":53},"5":{"name":"(anonymous_5)","decl":{"start":{"line":61,"column":16},"end":{"line":61,"column":17}},"loc":{"start":{"line":61,"column":23},"end":{"line":63,"column":17}},"line":61},"6":{"name":"(anonymous_6)","decl":{"start":{"line":64,"column":23},"end":{"line":64,"column":24}},"loc":{"start":{"line":64,"column":30},"end":{"line":66,"column":17}},"line":64}},"branchMap":{"0":{"loc":{"start":{"line":24,"column":12},"end":{"line":26,"column":13}},"type":"if","locations":[{"start":{"line":24,"column":12},"end":{"line":26,"column":13}},{"start":{},"end":{}}],"line":24},"1":{"loc":{"start":{"line":24,"column":16},"end":{"line":24,"column":61}},"type":"binary-expr","locations":[{"start":{"line":24,"column":16},"end":{"line":24,"column":35}},{"start":{"line":24,"column":39},"end":{"line":24,"column":61}}],"line":24},"2":{"loc":{"start":{"line":28,"column":12},"end":{"line":46,"column":13}},"type":"if","locations":[{"start":{"line":28,"column":12},"end":{"line":46,"column":13}},{"start":{"line":44,"column":19},"end":{"line":46,"column":13}}],"line":28},"3":{"loc":{"start":{"line":34,"column":20},"end":{"line":39,"column":21}},"type":"if","locations":[{"start":{"line":34,"column":20},"end":{"line":39,"column":21}},{"start":{"line":37,"column":27},"end":{"line":39,"column":21}}],"line":34},"4":{"loc":{"start":{"line":56,"column":12},"end":{"line":58,"column":13}},"type":"if","locations":[{"start":{"line":56,"column":12},"end":{"line":58,"column":13}},{"start":{},"end":{}}],"line":56},"5":{"loc":{"start":{"line":56,"column":16},"end":{"line":56,"column":65}},"type":"binary-expr","locations":[{"start":{"line":56,"column":16},"end":{"line":56,"column":35}},{"start":{"line":56,"column":39},"end":{"line":56,"column":65}}],"line":56}},"s":{"0":2,"1":2,"2":2,"3":2,"4":2,"5":3,"6":3,"7":3,"8":0,"9":2,"10":3,"11":3,"12":3,"13":1,"14":2,"15":2,"16":1,"17":1,"18":1,"19":1,"20":1,"21":1,"22":1,"23":0,"24":0,"25":0,"26":1,"27":0,"28":0,"29":1,"30":1,"31":1,"32":0,"33":1,"34":1,"35":1,"36":0,"37":0,"38":0},"f":{"0":3,"1":3,"2":1,"3":0,"4":1,"5":1,"6":0},"b":{"0":[1,2],"1":[3,3],"2":[1,1],"3":[1,0],"4":[0,1],"5":[1,1]},"_coverageSchema":"1a1c01bbd47fc00a2c39e90264f33305004495a9","hash":"12cdce832235144f7d23b63366687f1e0607f11d"}
}
