TN:
SF:src/app.js
FNF:0
FNH:0
DA:1,2
DA:2,2
DA:3,2
DA:5,2
DA:6,2
DA:8,2
DA:10,2
DA:11,2
DA:12,2
DA:15,2
DA:18,2
DA:20,2
LF:12
LH:12
BRF:0
BRH:0
end_of_record
TN:
SF:src/statusHttp.js
FNF:0
FNH:0
DA:1,2
LF:1
LH:1
BRF:0
BRH:0
end_of_record
TN:
SF:src/cipher/cipher.js
FN:6,(anonymous_0)
FN:7,(anonymous_1)
FN:9,(anonymous_2)
FN:12,(anonymous_3)
FN:18,(anonymous_4)
FN:19,(anonymous_5)
FN:20,(anonymous_6)
FNF:7
FNH:7
FNDA:10,(anonymous_0)
FNDA:10,(anonymous_1)
FNDA:5,(anonymous_2)
FNDA:4,(anonymous_3)
FNDA:3,(anonymous_4)
FNDA:3,(anonymous_5)
FNDA:3,(anonymous_6)
DA:1,3
DA:3,3
DA:5,3
DA:7,10
DA:8,10
DA:10,5
DA:13,4
DA:19,3
DA:20,3
DA:21,3
DA:22,3
DA:23,1
DA:25,2
DA:26,1
DA:28,1
LF:15
LH:15
BRDA:22,0,0,1
BRDA:22,0,1,2
BRDA:25,1,0,1
BRDA:25,1,1,1
BRF:4
BRH:4
end_of_record
TN:
SF:src/controllers/itemController.js
FN:5,(anonymous_0)
FN:23,(anonymous_1)
FN:39,(anonymous_2)
FN:55,(anonymous_3)
FNF:4
FNH:4
FNDA:2,(anonymous_0)
FNDA:2,(anonymous_1)
FNDA:2,(anonymous_2)
FNDA:3,(anonymous_3)
DA:1,2
DA:2,2
DA:4,2
DA:6,2
DA:7,2
DA:8,2
DA:9,2
DA:10,1
DA:12,1
DA:13,1
DA:14,0
DA:15,0
DA:17,0
DA:18,0
DA:24,2
DA:25,2
DA:26,2
DA:27,2
DA:28,1
DA:29,1
DA:31,1
DA:34,0
DA:35,0
DA:40,2
DA:41,2
DA:42,2
DA:43,1
DA:44,1
DA:46,1
DA:50,0
DA:51,0
DA:56,3
DA:57,3
DA:58,3
DA:59,1
DA:60,1
DA:62,2
DA:63,2
DA:64,1
DA:66,1
DA:70,0
DA:71,0
LF:42
LH:32
BRDA:12,0,0,1
BRDA:12,0,1,0
BRDA:14,1,0,0
BRDA:14,1,1,0
BRDA:27,2,0,1
BRDA:27,2,1,1
BRDA:42,3,0,1
BRDA:42,3,1,1
BRDA:58,4,0,1
BRDA:58,4,1,2
BRDA:63,5,0,1
BRDA:63,5,1,1
BRF:12
BRH:9
end_of_record
TN:
SF:src/controllers/sellController.js
FN:5,(anonymous_0)
FN:23,(anonymous_1)
FN:39,(anonymous_2)
FN:55,(anonymous_3)
FNF:4
FNH:4
FNDA:2,(anonymous_0)
FNDA:2,(anonymous_1)
FNDA:2,(anonymous_2)
FNDA:3,(anonymous_3)
DA:1,2
DA:2,2
DA:4,2
DA:6,2
DA:7,2
DA:8,2
DA:9,2
DA:10,1
DA:12,1
DA:13,1
DA:14,0
DA:15,0
DA:17,0
DA:18,0
DA:24,2
DA:25,2
DA:26,2
DA:27,2
DA:28,1
DA:29,1
DA:31,1
DA:34,0
DA:35,0
DA:40,2
DA:41,2
DA:42,2
DA:43,1
DA:44,1
DA:46,1
DA:50,0
DA:51,0
DA:56,3
DA:57,3
DA:58,3
DA:59,1
DA:60,1
DA:62,2
DA:63,2
DA:64,1
DA:66,1
DA:70,0
DA:71,0
LF:42
LH:32
BRDA:12,0,0,1
BRDA:12,0,1,0
BRDA:14,1,0,0
BRDA:14,1,1,0
BRDA:27,2,0,1
BRDA:27,2,1,1
BRDA:42,3,0,1
BRDA:42,3,1,1
BRDA:58,4,0,1
BRDA:58,4,1,2
BRDA:63,5,0,1
BRDA:63,5,1,1
BRF:12
BRH:9
end_of_record
TN:
SF:src/controllers/userController.js
FN:6,(anonymous_0)
FN:28,(anonymous_1)
FN:44,(anonymous_2)
FN:59,(anonymous_3)
FNF:4
FNH:4
FNDA:3,(anonymous_0)
FNDA:2,(anonymous_1)
FNDA:3,(anonymous_2)
FNDA:3,(anonymous_3)
DA:1,2
DA:2,2
DA:3,2
DA:5,2
DA:7,3
DA:8,3
DA:9,0
DA:11,3
DA:12,3
DA:13,3
DA:14,3
DA:15,2
DA:17,1
DA:18,1
DA:19,0
DA:20,0
DA:22,0
DA:23,0
DA:29,2
DA:30,2
DA:31,2
DA:32,2
DA:33,1
DA:34,1
DA:36,1
DA:39,0
DA:40,0
DA:45,3
DA:46,3
DA:47,3
DA:48,2
DA:49,2
DA:51,1
DA:54,0
DA:55,0
DA:60,3
DA:61,3
DA:62,3
DA:63,1
DA:64,1
DA:66,2
DA:67,2
DA:68,1
DA:70,1
DA:74,0
DA:75,0
LF:46
LH:35
BRDA:8,0,0,0
BRDA:8,0,1,3
BRDA:17,1,0,1
BRDA:17,1,1,0
BRDA:19,2,0,0
BRDA:19,2,1,0
BRDA:32,3,0,1
BRDA:32,3,1,1
BRDA:47,4,0,2
BRDA:47,4,1,1
BRDA:62,5,0,1
BRDA:62,5,1,2
BRDA:67,6,0,1
BRDA:67,6,1,1
BRF:14
BRH:10
end_of_record
TN:
SF:src/db/db.js
FN:4,(anonymous_0)
FN:6,main
FNF:2
FNH:1
FNDA:0,(anonymous_0)
FNDA:2,main
DA:1,2
DA:2,2
DA:4,2
DA:7,2
DA:8,2
DA:11,2
LF:6
LH:6
BRF:0
BRH:0
end_of_record
TN:
SF:src/db/schemas/disabledJWT.js
FNF:0
FNH:0
DA:1,2
DA:3,2
DA:8,2
DA:10,2
LF:4
LH:4
BRF:0
BRH:0
end_of_record
TN:
SF:src/db/schemas/item.js
FNF:0
FNH:0
DA:1,2
DA:3,2
DA:12,2
DA:14,2
LF:4
LH:4
BRF:0
BRH:0
end_of_record
TN:
SF:src/db/schemas/sell.js
FN:4,(anonymous_0)
FNF:1
FNH:1
FNDA:2,(anonymous_0)
DA:1,2
DA:3,2
DA:4,2
DA:9,2
DA:11,2
LF:5
LH:5
BRF:0
BRH:0
end_of_record
TN:
SF:src/db/schemas/user.js
FNF:0
FNH:0
DA:1,2
DA:3,2
DA:10,2
DA:12,2
LF:4
LH:4
BRF:0
BRH:0
end_of_record
TN:
SF:src/middlewares/jwt.js
FN:7,(anonymous_0)
FN:19,(anonymous_1)
FN:20,(anonymous_2)
FNF:3
FNH:3
FNDA:29,(anonymous_0)
FNDA:28,(anonymous_1)
FNDA:28,(anonymous_2)
DA:1,2
DA:2,2
DA:3,2
DA:4,2
DA:6,2
DA:8,29
DA:9,29
DA:10,29
DA:11,29
DA:13,29
DA:14,1
DA:16,29
DA:17,1
DA:19,28
DA:20,28
DA:21,28
DA:22,0
DA:24,28
DA:28,28
DA:29,0
DA:31,28
DA:32,1
DA:34,27
DA:35,27
DA:36,27
DA:41,0
DA:42,0
LF:27
LH:23
BRDA:10,0,0,29
BRDA:10,0,1,0
BRDA:13,1,0,1
BRDA:13,1,1,28
BRDA:16,2,0,1
BRDA:16,2,1,28
BRDA:21,3,0,0
BRDA:21,3,1,28
BRDA:28,4,0,0
BRDA:28,4,1,28
BRDA:31,5,0,1
BRDA:31,5,1,27
BRF:12
BRH:9
end_of_record
TN:
SF:src/router/access.js
FNF:0
FNH:0
DA:1,2
DA:2,2
DA:3,2
DA:5,2
DA:7,2
DA:8,2
DA:10,2
LF:7
LH:7
BRF:0
BRH:0
end_of_record
TN:
SF:src/router/api.js
FNF:0
FNH:0
DA:1,2
DA:2,2
DA:3,2
DA:4,2
DA:5,2
DA:6,2
DA:9,2
DA:10,2
DA:11,2
DA:12,2
DA:15,2
DA:16,2
DA:17,2
DA:18,2
DA:21,2
DA:22,2
DA:23,2
DA:24,2
DA:26,2
LF:19
LH:19
BRF:0
BRH:0
end_of_record
TN:
SF:src/services/access.js
FN:8,createToken
FN:21,(anonymous_1)
FN:33,(anonymous_2)
FN:40,(anonymous_3)
FN:53,(anonymous_4)
FN:61,(anonymous_5)
FN:64,(anonymous_6)
FNF:7
FNH:5
FNDA:3,createToken
FNDA:3,(anonymous_1)
FNDA:1,(anonymous_2)
FNDA:0,(anonymous_3)
FNDA:1,(anonymous_4)
FNDA:1,(anonymous_5)
FNDA:0,(anonymous_6)
DA:1,2
DA:2,2
DA:4,2
DA:5,2
DA:6,2
DA:9,3
DA:10,3
DA:11,3
DA:13,0
DA:17,2
DA:22,3
DA:23,3
DA:24,3
DA:25,1
DA:27,2
DA:28,2
DA:29,1
DA:30,1
DA:31,1
DA:33,1
DA:34,1
DA:35,1
DA:36,1
DA:38,0
DA:41,0
DA:42,0
DA:45,1
DA:48,0
DA:49,0
DA:54,1
DA:55,1
DA:56,1
DA:57,0
DA:59,1
DA:60,1
DA:62,1
DA:65,0
DA:68,0
DA:69,0
LF:39
LH:29
BRDA:24,0,0,1
BRDA:24,0,1,2
BRDA:24,1,0,3
BRDA:24,1,1,3
BRDA:28,2,0,1
BRDA:28,2,1,1
BRDA:34,3,0,1
BRDA:34,3,1,0
BRDA:56,4,0,0
BRDA:56,4,1,1
BRDA:56,5,0,1
BRDA:56,5,1,1
BRF:12
BRH:10
end_of_record
